<?xml version="1.0" encoding="UTF-8"?>
<coverage generated="1652966784896" clover="3.2.0">
  <project timestamp="1652966784896" name="All files">
    <metrics statements="14" coveredstatements="9" conditionals="0" coveredconditionals="0" methods="7" coveredmethods="6" elements="21" coveredelements="15" complexity="0" loc="14" ncloc="14" packages="1" files="1" classes="1"/>
    <file name="main.js" path="C:\Users\User\Desktop\jest-nodejs-demo\main.js">
      <metrics statements="14" coveredstatements="9" conditionals="0" coveredconditionals="0" methods="7" coveredmethods="6"/>
      <line num="1" count="1" type="stmt"/>
      <line num="3" count="1" type="stmt"/>
      <line num="4" count="4" type="stmt"/>
      <line num="5" count="1" type="stmt"/>
      <line num="6" count="1" type="stmt"/>
      <line num="7" count="1" type="stmt"/>
      <line num="8" count="2" type="stmt"/>
      <line num="10" count="0" type="stmt"/>
      <line num="11" count="0" type="stmt"/>
      <line num="12" count="0" type="stmt"/>
      <line num="13" count="0" type="stmt"/>
      <line num="15" count="0" type="stmt"/>
      <line num="19" count="1" type="stmt"/>
      <line num="23" count="1" type="stmt"/>
    </file>
  </project>
</coverage>
